[2m2021-05-23 23:07:51.332[0;39m [32m INFO[0;39m [35m9068[0;39m [2m---[0;39m [2m[  restartedMain][0;39m [36m.e.DevToolsPropertyDefaultsPostProcessor[0;39m [2m:[0;39m Devtools property defaults active! Set 'spring.devtools.add-properties' to 'false' to disable
[2m2021-05-23 23:07:51.336[0;39m [32m INFO[0;39m [35m9068[0;39m [2m---[0;39m [2m[  restartedMain][0;39m [36m.e.DevToolsPropertyDefaultsPostProcessor[0;39m [2m:[0;39m For additional web related logging consider setting the 'logging.level.web' property to 'DEBUG'
[2m2021-05-23 23:07:52.846[0;39m [32m INFO[0;39m [35m9068[0;39m [2m---[0;39m [2m[  restartedMain][0;39m [36mo.s.b.w.embedded.tomcat.TomcatWebServer [0;39m [2m:[0;39m Tomcat initialized with port(s): 9999 (http)
[2m2021-05-23 23:07:52.950[0;39m [32m INFO[0;39m [35m9068[0;39m [2m---[0;39m [2m[  restartedMain][0;39m [36mw.s.c.ServletWebServerApplicationContext[0;39m [2m:[0;39m Root WebApplicationContext: initialization completed in 1612 ms
[2m2021-05-23 23:07:53.552[0;39m [32m INFO[0;39m [35m9068[0;39m [2m---[0;39m [2m[  restartedMain][0;39m [36mo.s.s.concurrent.ThreadPoolTaskExecutor [0;39m [2m:[0;39m Initializing ExecutorService 'applicationTaskExecutor'
[2m2021-05-23 23:07:53.808[0;39m [32m INFO[0;39m [35m9068[0;39m [2m---[0;39m [2m[  restartedMain][0;39m [36mo.s.b.d.a.OptionalLiveReloadServer      [0;39m [2m:[0;39m LiveReload server is running on port 35729
[2m2021-05-23 23:07:53.851[0;39m [32m INFO[0;39m [35m9068[0;39m [2m---[0;39m [2m[  restartedMain][0;39m [36mo.s.b.w.embedded.tomcat.TomcatWebServer [0;39m [2m:[0;39m Tomcat started on port(s): 9999 (http) with context path ''
[2m2021-05-23 23:08:10.162[0;39m [32m INFO[0;39m [35m9068[0;39m [2m---[0;39m [2m[nio-9999-exec-1][0;39m [36mo.s.web.servlet.DispatcherServlet       [0;39m [2m:[0;39m Initializing Servlet 'dispatcherServlet'
[2m2021-05-23 23:08:10.163[0;39m [32m INFO[0;39m [35m9068[0;39m [2m---[0;39m [2m[nio-9999-exec-1][0;39m [36mo.s.web.servlet.DispatcherServlet       [0;39m [2m:[0;39m Completed initialization in 1 ms
[2m2021-05-23 23:08:10.215[0;39m [31mERROR[0;39m [35m9068[0;39m [2m---[0;39m [2m[nio-9999-exec-1][0;39m [36mc.s.h.c.ExceptionControllerAdvice       [0;39m [2m:[0;39m Exception 발생 : Invalid bound statement (not found): com.ssafy.happyHouse.model.house.mapper.HouseMapper.getDong
[2m2021-05-23 23:08:10.218[0;39m [33m WARN[0;39m [35m9068[0;39m [2m---[0;39m [2m[nio-9999-exec-1][0;39m [36m.m.m.a.ExceptionHandlerExceptionResolver[0;39m [2m:[0;39m Resolved [org.apache.ibatis.binding.BindingException: Invalid bound statement (not found): com.ssafy.happyHouse.model.house.mapper.HouseMapper.getDong]
[2m2021-05-23 23:08:18.991[0;39m [31mERROR[0;39m [35m9068[0;39m [2m---[0;39m [2m[nio-9999-exec-2][0;39m [36mc.s.h.c.ExceptionControllerAdvice       [0;39m [2m:[0;39m Exception 발생 : Invalid bound statement (not found): com.ssafy.happyHouse.model.house.mapper.HouseMapper.getDong
[2m2021-05-23 23:08:18.992[0;39m [33m WARN[0;39m [35m9068[0;39m [2m---[0;39m [2m[nio-9999-exec-2][0;39m [36m.m.m.a.ExceptionHandlerExceptionResolver[0;39m [2m:[0;39m Resolved [org.apache.ibatis.binding.BindingException: Invalid bound statement (not found): com.ssafy.happyHouse.model.house.mapper.HouseMapper.getDong]
[2m2021-05-23 23:09:32.941[0;39m [32m INFO[0;39m [35m9068[0;39m [2m---[0;39m [2m[on(2)-127.0.0.1][0;39m [36minMXBeanRegistrar$SpringApplicationAdmin[0;39m [2m:[0;39m Application shutdown requested.
[2m2021-05-23 23:09:34.051[0;39m [32m INFO[0;39m [35m9068[0;39m [2m---[0;39m [2m[on(2)-127.0.0.1][0;39m [36mo.s.s.concurrent.ThreadPoolTaskExecutor [0;39m [2m:[0;39m Shutting down ExecutorService 'applicationTaskExecutor'
[2m2021-05-23 23:09:42.452[0;39m [32m INFO[0;39m [35m9932[0;39m [2m---[0;39m [2m[  restartedMain][0;39m [36m.e.DevToolsPropertyDefaultsPostProcessor[0;39m [2m:[0;39m Devtools property defaults active! Set 'spring.devtools.add-properties' to 'false' to disable
[2m2021-05-23 23:09:42.454[0;39m [32m INFO[0;39m [35m9932[0;39m [2m---[0;39m [2m[  restartedMain][0;39m [36m.e.DevToolsPropertyDefaultsPostProcessor[0;39m [2m:[0;39m For additional web related logging consider setting the 'logging.level.web' property to 'DEBUG'
[2m2021-05-23 23:09:43.580[0;39m [32m INFO[0;39m [35m9932[0;39m [2m---[0;39m [2m[  restartedMain][0;39m [36mo.s.b.w.embedded.tomcat.TomcatWebServer [0;39m [2m:[0;39m Tomcat initialized with port(s): 9999 (http)
[2m2021-05-23 23:09:43.676[0;39m [32m INFO[0;39m [35m9932[0;39m [2m---[0;39m [2m[  restartedMain][0;39m [36mw.s.c.ServletWebServerApplicationContext[0;39m [2m:[0;39m Root WebApplicationContext: initialization completed in 1221 ms
[2m2021-05-23 23:09:44.180[0;39m [32m INFO[0;39m [35m9932[0;39m [2m---[0;39m [2m[  restartedMain][0;39m [36mo.s.s.concurrent.ThreadPoolTaskExecutor [0;39m [2m:[0;39m Initializing ExecutorService 'applicationTaskExecutor'
[2m2021-05-23 23:09:44.400[0;39m [32m INFO[0;39m [35m9932[0;39m [2m---[0;39m [2m[  restartedMain][0;39m [36mo.s.b.d.a.OptionalLiveReloadServer      [0;39m [2m:[0;39m LiveReload server is running on port 35729
[2m2021-05-23 23:09:44.438[0;39m [32m INFO[0;39m [35m9932[0;39m [2m---[0;39m [2m[  restartedMain][0;39m [36mo.s.b.w.embedded.tomcat.TomcatWebServer [0;39m [2m:[0;39m Tomcat started on port(s): 9999 (http) with context path ''
[2m2021-05-23 23:09:54.706[0;39m [32m INFO[0;39m [35m9932[0;39m [2m---[0;39m [2m[nio-9999-exec-1][0;39m [36mo.s.web.servlet.DispatcherServlet       [0;39m [2m:[0;39m Initializing Servlet 'dispatcherServlet'
[2m2021-05-23 23:09:54.708[0;39m [32m INFO[0;39m [35m9932[0;39m [2m---[0;39m [2m[nio-9999-exec-1][0;39m [36mo.s.web.servlet.DispatcherServlet       [0;39m [2m:[0;39m Completed initialization in 1 ms
[2m2021-05-23 23:09:54.744[0;39m [31mERROR[0;39m [35m9932[0;39m [2m---[0;39m [2m[nio-9999-exec-1][0;39m [36mc.s.h.c.ExceptionControllerAdvice       [0;39m [2m:[0;39m Exception 발생 : Invalid bound statement (not found): com.ssafy.happyHouse.model.house.mapper.HouseMapper.getDong
[2m2021-05-23 23:09:54.748[0;39m [33m WARN[0;39m [35m9932[0;39m [2m---[0;39m [2m[nio-9999-exec-1][0;39m [36m.m.m.a.ExceptionHandlerExceptionResolver[0;39m [2m:[0;39m Resolved [org.apache.ibatis.binding.BindingException: Invalid bound statement (not found): com.ssafy.happyHouse.model.house.mapper.HouseMapper.getDong]
[2m2021-05-23 23:10:58.368[0;39m [32m INFO[0;39m [35m9932[0;39m [2m---[0;39m [2m[       Thread-6][0;39m [36mo.s.s.concurrent.ThreadPoolTaskExecutor [0;39m [2m:[0;39m Shutting down ExecutorService 'applicationTaskExecutor'
[2m2021-05-23 23:10:58.946[0;39m [32m INFO[0;39m [35m9932[0;39m [2m---[0;39m [2m[  restartedMain][0;39m [36mo.s.b.w.embedded.tomcat.TomcatWebServer [0;39m [2m:[0;39m Tomcat initialized with port(s): 9999 (http)
[2m2021-05-23 23:10:58.968[0;39m [32m INFO[0;39m [35m9932[0;39m [2m---[0;39m [2m[  restartedMain][0;39m [36mw.s.c.ServletWebServerApplicationContext[0;39m [2m:[0;39m Root WebApplicationContext: initialization completed in 381 ms
[2m2021-05-23 23:10:59.106[0;39m [32m INFO[0;39m [35m9932[0;39m [2m---[0;39m [2m[  restartedMain][0;39m [36mo.s.s.concurrent.ThreadPoolTaskExecutor [0;39m [2m:[0;39m Initializing ExecutorService 'applicationTaskExecutor'
[2m2021-05-23 23:10:59.181[0;39m [32m INFO[0;39m [35m9932[0;39m [2m---[0;39m [2m[  restartedMain][0;39m [36mo.s.b.d.a.OptionalLiveReloadServer      [0;39m [2m:[0;39m LiveReload server is running on port 35729
[2m2021-05-23 23:10:59.194[0;39m [32m INFO[0;39m [35m9932[0;39m [2m---[0;39m [2m[  restartedMain][0;39m [36mo.s.b.w.embedded.tomcat.TomcatWebServer [0;39m [2m:[0;39m Tomcat started on port(s): 9999 (http) with context path ''
[2m2021-05-23 23:10:59.200[0;39m [32m INFO[0;39m [35m9932[0;39m [2m---[0;39m [2m[  restartedMain][0;39m [36m.ConditionEvaluationDeltaLoggingListener[0;39m [2m:[0;39m Condition evaluation unchanged
[2m2021-05-23 23:11:10.010[0;39m [32m INFO[0;39m [35m9932[0;39m [2m---[0;39m [2m[nio-9999-exec-1][0;39m [36mo.s.web.servlet.DispatcherServlet       [0;39m [2m:[0;39m Initializing Servlet 'dispatcherServlet'
[2m2021-05-23 23:11:10.013[0;39m [32m INFO[0;39m [35m9932[0;39m [2m---[0;39m [2m[nio-9999-exec-1][0;39m [36mo.s.web.servlet.DispatcherServlet       [0;39m [2m:[0;39m Completed initialization in 1 ms
[2m2021-05-23 23:11:10.021[0;39m [31mERROR[0;39m [35m9932[0;39m [2m---[0;39m [2m[nio-9999-exec-1][0;39m [36mc.s.h.c.ExceptionControllerAdvice       [0;39m [2m:[0;39m Exception 발생 : Invalid bound statement (not found): com.ssafy.happyHouse.model.house.mapper.HouseMapper.getDong
[2m2021-05-23 23:11:10.022[0;39m [33m WARN[0;39m [35m9932[0;39m [2m---[0;39m [2m[nio-9999-exec-1][0;39m [36m.m.m.a.ExceptionHandlerExceptionResolver[0;39m [2m:[0;39m Resolved [org.apache.ibatis.binding.BindingException: Invalid bound statement (not found): com.ssafy.happyHouse.model.house.mapper.HouseMapper.getDong]
[2m2021-05-23 23:11:16.655[0;39m [31mERROR[0;39m [35m9932[0;39m [2m---[0;39m [2m[nio-9999-exec-2][0;39m [36mc.s.h.c.ExceptionControllerAdvice       [0;39m [2m:[0;39m Exception 발생 : Invalid bound statement (not found): com.ssafy.happyHouse.model.house.mapper.HouseMapper.getDong
[2m2021-05-23 23:11:16.655[0;39m [33m WARN[0;39m [35m9932[0;39m [2m---[0;39m [2m[nio-9999-exec-2][0;39m [36m.m.m.a.ExceptionHandlerExceptionResolver[0;39m [2m:[0;39m Resolved [org.apache.ibatis.binding.BindingException: Invalid bound statement (not found): com.ssafy.happyHouse.model.house.mapper.HouseMapper.getDong]
[2m2021-05-23 23:12:26.870[0;39m [32m INFO[0;39m [35m9932[0;39m [2m---[0;39m [2m[on(2)-127.0.0.1][0;39m [36minMXBeanRegistrar$SpringApplicationAdmin[0;39m [2m:[0;39m Application shutdown requested.
[2m2021-05-23 23:12:27.928[0;39m [32m INFO[0;39m [35m9932[0;39m [2m---[0;39m [2m[on(2)-127.0.0.1][0;39m [36mo.s.s.concurrent.ThreadPoolTaskExecutor [0;39m [2m:[0;39m Shutting down ExecutorService 'applicationTaskExecutor'
[2m2021-05-23 23:12:39.135[0;39m [32m INFO[0;39m [35m15956[0;39m [2m---[0;39m [2m[  restartedMain][0;39m [36m.e.DevToolsPropertyDefaultsPostProcessor[0;39m [2m:[0;39m Devtools property defaults active! Set 'spring.devtools.add-properties' to 'false' to disable
[2m2021-05-23 23:12:39.138[0;39m [32m INFO[0;39m [35m15956[0;39m [2m---[0;39m [2m[  restartedMain][0;39m [36m.e.DevToolsPropertyDefaultsPostProcessor[0;39m [2m:[0;39m For additional web related logging consider setting the 'logging.level.web' property to 'DEBUG'
[2m2021-05-23 23:12:40.327[0;39m [32m INFO[0;39m [35m15956[0;39m [2m---[0;39m [2m[  restartedMain][0;39m [36mo.s.b.w.embedded.tomcat.TomcatWebServer [0;39m [2m:[0;39m Tomcat initialized with port(s): 9999 (http)
[2m2021-05-23 23:12:40.422[0;39m [32m INFO[0;39m [35m15956[0;39m [2m---[0;39m [2m[  restartedMain][0;39m [36mw.s.c.ServletWebServerApplicationContext[0;39m [2m:[0;39m Root WebApplicationContext: initialization completed in 1283 ms
[2m2021-05-23 23:12:40.933[0;39m [32m INFO[0;39m [35m15956[0;39m [2m---[0;39m [2m[  restartedMain][0;39m [36mo.s.s.concurrent.ThreadPoolTaskExecutor [0;39m [2m:[0;39m Initializing ExecutorService 'applicationTaskExecutor'
[2m2021-05-23 23:12:41.176[0;39m [32m INFO[0;39m [35m15956[0;39m [2m---[0;39m [2m[  restartedMain][0;39m [36mo.s.b.d.a.OptionalLiveReloadServer      [0;39m [2m:[0;39m LiveReload server is running on port 35729
[2m2021-05-23 23:12:41.214[0;39m [32m INFO[0;39m [35m15956[0;39m [2m---[0;39m [2m[  restartedMain][0;39m [36mo.s.b.w.embedded.tomcat.TomcatWebServer [0;39m [2m:[0;39m Tomcat started on port(s): 9999 (http) with context path ''
[2m2021-05-23 23:12:47.633[0;39m [32m INFO[0;39m [35m15956[0;39m [2m---[0;39m [2m[nio-9999-exec-1][0;39m [36mo.s.web.servlet.DispatcherServlet       [0;39m [2m:[0;39m Initializing Servlet 'dispatcherServlet'
[2m2021-05-23 23:12:47.635[0;39m [32m INFO[0;39m [35m15956[0;39m [2m---[0;39m [2m[nio-9999-exec-1][0;39m [36mo.s.web.servlet.DispatcherServlet       [0;39m [2m:[0;39m Completed initialization in 1 ms
[2m2021-05-23 23:12:47.679[0;39m [31mERROR[0;39m [35m15956[0;39m [2m---[0;39m [2m[nio-9999-exec-1][0;39m [36mc.s.h.c.ExceptionControllerAdvice       [0;39m [2m:[0;39m Exception 발생 : Invalid bound statement (not found): com.ssafy.happyHouse.model.house.mapper.HouseMapper.getDong
[2m2021-05-23 23:12:47.682[0;39m [33m WARN[0;39m [35m15956[0;39m [2m---[0;39m [2m[nio-9999-exec-1][0;39m [36m.m.m.a.ExceptionHandlerExceptionResolver[0;39m [2m:[0;39m Resolved [org.apache.ibatis.binding.BindingException: Invalid bound statement (not found): com.ssafy.happyHouse.model.house.mapper.HouseMapper.getDong]
[2m2021-05-23 23:12:59.312[0;39m [32m INFO[0;39m [35m15956[0;39m [2m---[0;39m [2m[       Thread-6][0;39m [36mo.s.s.concurrent.ThreadPoolTaskExecutor [0;39m [2m:[0;39m Shutting down ExecutorService 'applicationTaskExecutor'
[2m2021-05-23 23:12:59.824[0;39m [32m INFO[0;39m [35m15956[0;39m [2m---[0;39m [2m[  restartedMain][0;39m [36mo.s.b.w.embedded.tomcat.TomcatWebServer [0;39m [2m:[0;39m Tomcat initialized with port(s): 9999 (http)
[2m2021-05-23 23:12:59.842[0;39m [32m INFO[0;39m [35m15956[0;39m [2m---[0;39m [2m[  restartedMain][0;39m [36mw.s.c.ServletWebServerApplicationContext[0;39m [2m:[0;39m Root WebApplicationContext: initialization completed in 342 ms
[2m2021-05-23 23:12:59.967[0;39m [32m INFO[0;39m [35m15956[0;39m [2m---[0;39m [2m[  restartedMain][0;39m [36mo.s.s.concurrent.ThreadPoolTaskExecutor [0;39m [2m:[0;39m Initializing ExecutorService 'applicationTaskExecutor'
[2m2021-05-23 23:13:00.031[0;39m [32m INFO[0;39m [35m15956[0;39m [2m---[0;39m [2m[  restartedMain][0;39m [36mo.s.b.d.a.OptionalLiveReloadServer      [0;39m [2m:[0;39m LiveReload server is running on port 35729
[2m2021-05-23 23:13:00.048[0;39m [32m INFO[0;39m [35m15956[0;39m [2m---[0;39m [2m[  restartedMain][0;39m [36mo.s.b.w.embedded.tomcat.TomcatWebServer [0;39m [2m:[0;39m Tomcat started on port(s): 9999 (http) with context path ''
[2m2021-05-23 23:13:00.056[0;39m [32m INFO[0;39m [35m15956[0;39m [2m---[0;39m [2m[  restartedMain][0;39m [36m.ConditionEvaluationDeltaLoggingListener[0;39m [2m:[0;39m Condition evaluation unchanged
[2m2021-05-23 23:13:04.154[0;39m [32m INFO[0;39m [35m15956[0;39m [2m---[0;39m [2m[on(2)-127.0.0.1][0;39m [36minMXBeanRegistrar$SpringApplicationAdmin[0;39m [2m:[0;39m Application shutdown requested.
[2m2021-05-23 23:13:05.450[0;39m [32m INFO[0;39m [35m15956[0;39m [2m---[0;39m [2m[on(2)-127.0.0.1][0;39m [36mo.s.s.concurrent.ThreadPoolTaskExecutor [0;39m [2m:[0;39m Shutting down ExecutorService 'applicationTaskExecutor'
[2m2021-05-23 23:14:28.956[0;39m [32m INFO[0;39m [35m7420[0;39m [2m---[0;39m [2m[  restartedMain][0;39m [36m.e.DevToolsPropertyDefaultsPostProcessor[0;39m [2m:[0;39m Devtools property defaults active! Set 'spring.devtools.add-properties' to 'false' to disable
[2m2021-05-23 23:14:28.964[0;39m [32m INFO[0;39m [35m7420[0;39m [2m---[0;39m [2m[  restartedMain][0;39m [36m.e.DevToolsPropertyDefaultsPostProcessor[0;39m [2m:[0;39m For additional web related logging consider setting the 'logging.level.web' property to 'DEBUG'
[2m2021-05-23 23:14:34.088[0;39m [32m INFO[0;39m [35m7420[0;39m [2m---[0;39m [2m[  restartedMain][0;39m [36mo.s.b.w.embedded.tomcat.TomcatWebServer [0;39m [2m:[0;39m Tomcat initialized with port(s): 9999 (http)
[2m2021-05-23 23:14:34.338[0;39m [32m INFO[0;39m [35m7420[0;39m [2m---[0;39m [2m[  restartedMain][0;39m [36mw.s.c.ServletWebServerApplicationContext[0;39m [2m:[0;39m Root WebApplicationContext: initialization completed in 5372 ms
[2m2021-05-23 23:14:35.361[0;39m [32m INFO[0;39m [35m7420[0;39m [2m---[0;39m [2m[  restartedMain][0;39m [36mo.s.s.concurrent.ThreadPoolTaskExecutor [0;39m [2m:[0;39m Initializing ExecutorService 'applicationTaskExecutor'
[2m2021-05-23 23:14:36.227[0;39m [32m INFO[0;39m [35m7420[0;39m [2m---[0;39m [2m[  restartedMain][0;39m [36mo.s.b.d.a.OptionalLiveReloadServer      [0;39m [2m:[0;39m LiveReload server is running on port 35729
[2m2021-05-23 23:14:36.308[0;39m [32m INFO[0;39m [35m7420[0;39m [2m---[0;39m [2m[  restartedMain][0;39m [36mo.s.b.w.embedded.tomcat.TomcatWebServer [0;39m [2m:[0;39m Tomcat started on port(s): 9999 (http) with context path ''
[2m2021-05-23 23:14:43.792[0;39m [32m INFO[0;39m [35m7420[0;39m [2m---[0;39m [2m[nio-9999-exec-1][0;39m [36mo.s.web.servlet.DispatcherServlet       [0;39m [2m:[0;39m Initializing Servlet 'dispatcherServlet'
[2m2021-05-23 23:14:43.797[0;39m [32m INFO[0;39m [35m7420[0;39m [2m---[0;39m [2m[nio-9999-exec-1][0;39m [36mo.s.web.servlet.DispatcherServlet       [0;39m [2m:[0;39m Completed initialization in 4 ms
[2m2021-05-23 23:14:44.113[0;39m [31mERROR[0;39m [35m7420[0;39m [2m---[0;39m [2m[nio-9999-exec-1][0;39m [36mc.s.h.c.ExceptionControllerAdvice       [0;39m [2m:[0;39m Exception 발생 : Invalid bound statement (not found): com.ssafy.happyHouse.model.house.mapper.HouseMapper.getDong
[2m2021-05-23 23:14:44.135[0;39m [33m WARN[0;39m [35m7420[0;39m [2m---[0;39m [2m[nio-9999-exec-1][0;39m [36m.m.m.a.ExceptionHandlerExceptionResolver[0;39m [2m:[0;39m Resolved [org.apache.ibatis.binding.BindingException: Invalid bound statement (not found): com.ssafy.happyHouse.model.house.mapper.HouseMapper.getDong]
[2m2021-05-23 23:15:31.739[0;39m [31mERROR[0;39m [35m7420[0;39m [2m---[0;39m [2m[nio-9999-exec-3][0;39m [36mc.s.h.c.ExceptionControllerAdvice       [0;39m [2m:[0;39m Exception 발생 : Invalid bound statement (not found): com.ssafy.happyHouse.model.board.mapper.BoardMapper.selectBoard
[2m2021-05-23 23:15:31.740[0;39m [33m WARN[0;39m [35m7420[0;39m [2m---[0;39m [2m[nio-9999-exec-3][0;39m [36m.m.m.a.ExceptionHandlerExceptionResolver[0;39m [2m:[0;39m Resolved [org.apache.ibatis.binding.BindingException: Invalid bound statement (not found): com.ssafy.happyHouse.model.board.mapper.BoardMapper.selectBoard]
[2m2021-05-23 23:17:00.236[0;39m [32m INFO[0;39m [35m7420[0;39m [2m---[0;39m [2m[       Thread-6][0;39m [36mo.s.s.concurrent.ThreadPoolTaskExecutor [0;39m [2m:[0;39m Shutting down ExecutorService 'applicationTaskExecutor'
[2m2021-05-23 23:19:24.445[0;39m [32m INFO[0;39m [35m7420[0;39m [2m---[0;39m [2m[  restartedMain][0;39m [36mo.s.b.w.embedded.tomcat.TomcatWebServer [0;39m [2m:[0;39m Tomcat initialized with port(s): 9999 (http)
[2m2021-05-23 23:19:24.467[0;39m [32m INFO[0;39m [35m7420[0;39m [2m---[0;39m [2m[  restartedMain][0;39m [36mw.s.c.ServletWebServerApplicationContext[0;39m [2m:[0;39m Root WebApplicationContext: initialization completed in 428 ms
[2m2021-05-23 23:19:24.614[0;39m [32m INFO[0;39m [35m7420[0;39m [2m---[0;39m [2m[  restartedMain][0;39m [36mo.s.s.concurrent.ThreadPoolTaskExecutor [0;39m [2m:[0;39m Initializing ExecutorService 'applicationTaskExecutor'
[2m2021-05-23 23:19:24.675[0;39m [32m INFO[0;39m [35m7420[0;39m [2m---[0;39m [2m[  restartedMain][0;39m [36mo.s.b.d.a.OptionalLiveReloadServer      [0;39m [2m:[0;39m LiveReload server is running on port 35729
[2m2021-05-23 23:19:24.688[0;39m [32m INFO[0;39m [35m7420[0;39m [2m---[0;39m [2m[  restartedMain][0;39m [36mo.s.b.w.embedded.tomcat.TomcatWebServer [0;39m [2m:[0;39m Tomcat started on port(s): 9999 (http) with context path ''
[2m2021-05-23 23:19:24.694[0;39m [32m INFO[0;39m [35m7420[0;39m [2m---[0;39m [2m[  restartedMain][0;39m [36m.ConditionEvaluationDeltaLoggingListener[0;39m [2m:[0;39m Condition evaluation unchanged
[2m2021-05-23 23:19:32.222[0;39m [32m INFO[0;39m [35m7420[0;39m [2m---[0;39m [2m[nio-9999-exec-1][0;39m [36mo.s.web.servlet.DispatcherServlet       [0;39m [2m:[0;39m Initializing Servlet 'dispatcherServlet'
[2m2021-05-23 23:19:32.227[0;39m [32m INFO[0;39m [35m7420[0;39m [2m---[0;39m [2m[nio-9999-exec-1][0;39m [36mo.s.web.servlet.DispatcherServlet       [0;39m [2m:[0;39m Completed initialization in 2 ms
[2m2021-05-23 23:19:32.233[0;39m [31mERROR[0;39m [35m7420[0;39m [2m---[0;39m [2m[nio-9999-exec-1][0;39m [36mc.s.h.c.ExceptionControllerAdvice       [0;39m [2m:[0;39m Exception 발생 : Invalid bound statement (not found): com.ssafy.happyHouse.model.house.mapper.HouseMapper.getDong
[2m2021-05-23 23:19:32.233[0;39m [33m WARN[0;39m [35m7420[0;39m [2m---[0;39m [2m[nio-9999-exec-1][0;39m [36m.m.m.a.ExceptionHandlerExceptionResolver[0;39m [2m:[0;39m Resolved [org.apache.ibatis.binding.BindingException: Invalid bound statement (not found): com.ssafy.happyHouse.model.house.mapper.HouseMapper.getDong]
[2m2021-05-23 23:20:33.292[0;39m [31mERROR[0;39m [35m7420[0;39m [2m---[0;39m [2m[nio-9999-exec-3][0;39m [36mc.s.h.c.ExceptionControllerAdvice       [0;39m [2m:[0;39m Exception 발생 : Invalid bound statement (not found): com.ssafy.happyHouse.model.house.mapper.HouseMapper.getDong
[2m2021-05-23 23:20:33.292[0;39m [33m WARN[0;39m [35m7420[0;39m [2m---[0;39m [2m[nio-9999-exec-3][0;39m [36m.m.m.a.ExceptionHandlerExceptionResolver[0;39m [2m:[0;39m Resolved [org.apache.ibatis.binding.BindingException: Invalid bound statement (not found): com.ssafy.happyHouse.model.house.mapper.HouseMapper.getDong]
[2m2021-05-23 23:20:48.606[0;39m [32m INFO[0;39m [35m7420[0;39m [2m---[0;39m [2m[      Thread-19][0;39m [36mo.s.s.concurrent.ThreadPoolTaskExecutor [0;39m [2m:[0;39m Shutting down ExecutorService 'applicationTaskExecutor'
